[debug] [2021-05-13T20:25:30.989Z] ----------------------------------------------------------------------
[debug] [2021-05-13T20:25:30.990Z] Command:       D:\Applications\nodejs\node.exe C:\Users\princ\AppData\Roaming\npm\node_modules\firebase-tools\lib\bin\firebase.js init
[debug] [2021-05-13T20:25:30.990Z] CLI Version:   9.10.2
[debug] [2021-05-13T20:25:30.991Z] Platform:      win32
[debug] [2021-05-13T20:25:30.991Z] Node Version:  v14.16.1
[debug] [2021-05-13T20:25:30.991Z] Time:          Fri May 14 2021 04:25:30 GMT+0800 (China Standard Time)
[debug] [2021-05-13T20:25:30.991Z] ----------------------------------------------------------------------
[debug] 
[debug] [2021-05-13T20:25:31.004Z] >>> [apiv2][query] GET https://firebase-public.firebaseio.com/cli.json [none]
[debug] [2021-05-13T20:25:31.039Z] > command requires scopes: ["email","openid","https://www.googleapis.com/auth/cloudplatformprojects.readonly","https://www.googleapis.com/auth/firebase","https://www.googleapis.com/auth/cloud-platform"]
[debug] [2021-05-13T20:25:31.039Z] > authorizing via signed-in user (luntian.project.dev@gmail.com)
[info] 
     ######## #### ########  ######## ########     ###     ######  ########
     ##        ##  ##     ## ##       ##     ##  ##   ##  ##       ##
     ######    ##  ########  ######   ########  #########  ######  ######
     ##        ##  ##    ##  ##       ##     ## ##     ##       ## ##
     ##       #### ##     ## ######## ########  ##     ##  ######  ########

You're about to initialize a Firebase project in this directory:

  D:\Files\Codes\React\tutorials\project-luntian

Before we get started, keep in mind:

  * You are initializing in an existing Firebase project directory

[debug] [2021-05-13T20:25:31.799Z] <<< [apiv2][status] GET https://firebase-public.firebaseio.com/cli.json 200
[debug] [2021-05-13T20:25:31.799Z] <<< [apiv2][body] GET https://firebase-public.firebaseio.com/cli.json {"cloudBuildErrorAfter":1594252800000,"cloudBuildWarnAfter":1590019200000,"defaultNode10After":1594252800000,"minVersion":"3.0.5","node8DeploysDisabledAfter":1613390400000,"node8RuntimeDisabledAfter":1615809600000,"node8WarnAfter":1600128000000}
